WARNING: This is a development server. Do not use it in a production deployment. Use a production WSGI server instead.
 * Running on http://127.0.0.1:5000
Press CTRL+C to quit
 * Restarting with stat
 * Debugger is active!
 * Debugger PIN: 534-376-666
127.0.0.1 - - [08/Feb/2026 10:54:02] "GET / HTTP/1.1" 200 -
127.0.0.1 - - [08/Feb/2026 10:54:43] "GET /?source=&topic=&q= HTTP/1.1" 200 -
 * Detected change in 'D:\\news-aggregator\\collector.py', reloading
 * Restarting with stat
 * Debugger is active!
 * Debugger PIN: 534-376-666
 * Detected change in 'D:\\news-aggregator\\collector.py', reloading
 * Restarting with stat
 * Debugger is active!
 * Debugger PIN: 534-376-666
 * Detected change in 'D:\\news-aggregator\\collector.py', reloading
 * Restarting with stat
 * Debugger is active!
 * Debugger PIN: 534-376-666
 * Detected change in 'D:\\news-aggregator\\collector.py', reloading
 * Restarting with stat
 * Debugger is active!
 * Debugger PIN: 534-376-666
 * Detected change in 'D:\\news-aggregator\\collector.py', reloading
 * Restarting with stat
 * Debugger is active!
 * Debugger PIN: 534-376-666
 * Detected change in 'D:\\news-aggregator\\collector.py', reloading
 * Restarting with stat
 * Debugger is active!
 * Debugger PIN: 534-376-666
 * Detected change in 'D:\\news-aggregator\\collector.py', reloading
 * Restarting with stat
 * Debugger is active!
 * Debugger PIN: 534-376-666
 * Detected change in 'D:\\news-aggregator\\collector.py', reloading
 * Restarting with stat
 * Debugger is active!
 * Debugger PIN: 534-376-666
 * Detected change in 'D:\\news-aggregator\\collector.py', reloading
 * Restarting with stat
 * Debugger is active!
 * Debugger PIN: 534-376-666
 * Detected change in 'D:\\news-aggregator\\collector.py', reloading
 * Restarting with stat
 * Debugger is active!
 * Debugger PIN: 534-376-666
